<?xml version="1.0" encoding="UTF-8"?>
<!-- Generated by org.testng.reporters.JUnitXMLReporter -->
<testsuite hostname="C02ZJ3TXLVCF" ignored="0" name="/Users/sdorairaj/Desktop/Restfulbooker/src/main/java/com/herokuapp/restful/booker/here/testScripts/BookingTestScripts.java" tests="5" failures="1" timestamp="28 Apr 2020 13:41:29 GMT" time="13.11" errors="0">
  <testcase name="createBooking" time="2.19" classname="com.herokuapp.restful.booker.here.testScripts.BookingTestScripts"/>
  <testcase name="assertBookingUsingBookingId" time="1.158" classname="com.herokuapp.restful.booker.here.testScripts.BookingTestScripts"/>
  <testcase name="updateCompleteBooking" time="1.327" classname="com.herokuapp.restful.booker.here.testScripts.BookingTestScripts"/>
  <testcase name="partialUpdatebooking" time="1.228" classname="com.herokuapp.restful.booker.here.testScripts.BookingTestScripts">
    <failure type="java.lang.AssertionError" message="failed while Partially Updating Booking expected [200] but found [400]">
      <![CDATA[java.lang.AssertionError: failed while Partially Updating Booking expected [200] but found [400]
at org.testng.Assert.fail(Assert.java:96)
at org.testng.Assert.failNotEquals(Assert.java:776)
at org.testng.Assert.assertEqualsImpl(Assert.java:137)
at org.testng.Assert.assertEquals(Assert.java:118)
at org.testng.Assert.assertEquals(Assert.java:652)
at com.herokuapp.restful.booker.here.testScripts.BookingTestScripts.partialUpdatebooking(BookingTestScripts.java:67)
at sun.reflect.NativeMethodAccessorImpl.invoke0(Native Method)
at sun.reflect.NativeMethodAccessorImpl.invoke(NativeMethodAccessorImpl.java:62)
at sun.reflect.DelegatingMethodAccessorImpl.invoke(DelegatingMethodAccessorImpl.java:43)
at java.lang.reflect.Method.invoke(Method.java:498)
at org.testng.internal.MethodInvocationHelper.invokeMethod(MethodInvocationHelper.java:124)
at org.testng.internal.Invoker.invokeMethod(Invoker.java:580)
at org.testng.internal.Invoker.invokeTestMethod(Invoker.java:716)
at org.testng.internal.Invoker.invokeTestMethods(Invoker.java:988)
at org.testng.internal.TestMethodWorker.invokeTestMethods(TestMethodWorker.java:125)
at org.testng.internal.TestMethodWorker.run(TestMethodWorker.java:109)
at org.testng.TestRunner.privateRun(TestRunner.java:648)
at org.testng.TestRunner.run(TestRunner.java:505)
at org.testng.SuiteRunner.runTest(SuiteRunner.java:455)
at org.testng.SuiteRunner.runSequentially(SuiteRunner.java:450)
at org.testng.SuiteRunner.privateRun(SuiteRunner.java:415)
at org.testng.SuiteRunner.run(SuiteRunner.java:364)
at org.testng.SuiteRunnerWorker.runSuite(SuiteRunnerWorker.java:52)
at org.testng.SuiteRunnerWorker.run(SuiteRunnerWorker.java:84)
at org.testng.TestNG.runSuitesSequentially(TestNG.java:1208)
at org.testng.TestNG.runSuitesLocally(TestNG.java:1137)
at org.testng.TestNG.runSuites(TestNG.java:1049)
at org.testng.TestNG.run(TestNG.java:1017)
at com.intellij.rt.testng.IDEARemoteTestNG.run(IDEARemoteTestNG.java:66)
at com.intellij.rt.testng.RemoteTestNGStarter.main(RemoteTestNGStarter.java:110)
]]>
    </failure>
  </testcase> <!-- partialUpdatebooking -->
  <testcase name="deleteAllBookings" time="7.183" classname="com.herokuapp.restful.booker.here.testScripts.BookingTestScripts"/>
</testsuite> <!-- /Users/sdorairaj/Desktop/Restfulbooker/src/main/java/com/herokuapp/restful/booker/here/testScripts/BookingTestScripts.java -->
