<?xml version="1.0" encoding="UTF-8"?>
<testng-results skipped="0" failed="1" ignored="0" total="5" passed="4">
  <reporter-output>
  </reporter-output>
  <suite name="All Test Suite" duration-ms="13110" started-at="2020-04-28T13:41:15Z" finished-at="2020-04-28T13:41:29Z">
    <groups>
    </groups>
    <test name="/Users/sdorairaj/Desktop/Restfulbooker/src/main/java/com/herokuapp/restful/booker/here/testScripts/BookingTestScripts.java" duration-ms="13110" started-at="2020-04-28T13:41:15Z" finished-at="2020-04-28T13:41:29Z">
      <class name="com.herokuapp.restful.booker.here.testScripts.BookingTestScripts">
        <test-method status="PASS" signature="createBooking()[pri:0, instance:com.herokuapp.restful.booker.here.testScripts.BookingTestScripts@30272916]" name="createBooking" duration-ms="2190" started-at="2020-04-28T13:41:16Z" finished-at="2020-04-28T13:41:18Z">
          <reporter-output>
          </reporter-output>
        </test-method> <!-- createBooking -->
        <test-method status="PASS" signature="assertBookingUsingBookingId()[pri:1, instance:com.herokuapp.restful.booker.here.testScripts.BookingTestScripts@30272916]" name="assertBookingUsingBookingId" duration-ms="1158" started-at="2020-04-28T13:41:18Z" finished-at="2020-04-28T13:41:19Z">
          <reporter-output>
          </reporter-output>
        </test-method> <!-- assertBookingUsingBookingId -->
        <test-method status="PASS" signature="updateCompleteBooking()[pri:2, instance:com.herokuapp.restful.booker.here.testScripts.BookingTestScripts@30272916]" name="updateCompleteBooking" duration-ms="1327" started-at="2020-04-28T13:41:19Z" finished-at="2020-04-28T13:41:20Z">
          <reporter-output>
          </reporter-output>
        </test-method> <!-- updateCompleteBooking -->
        <test-method status="FAIL" signature="partialUpdatebooking()[pri:3, instance:com.herokuapp.restful.booker.here.testScripts.BookingTestScripts@30272916]" name="partialUpdatebooking" duration-ms="1228" started-at="2020-04-28T13:41:20Z" finished-at="2020-04-28T13:41:21Z">
          <exception class="java.lang.AssertionError">
            <message>
              <![CDATA[failed while Partially Updating Booking expected [200] but found [400]]]>
            </message>
            <full-stacktrace>
              <![CDATA[java.lang.AssertionError: failed while Partially Updating Booking expected [200] but found [400]
at org.testng.Assert.fail(Assert.java:96)
at org.testng.Assert.failNotEquals(Assert.java:776)
at org.testng.Assert.assertEqualsImpl(Assert.java:137)
at org.testng.Assert.assertEquals(Assert.java:118)
at org.testng.Assert.assertEquals(Assert.java:652)
at com.herokuapp.restful.booker.here.testScripts.BookingTestScripts.partialUpdatebooking(BookingTestScripts.java:67)
at sun.reflect.NativeMethodAccessorImpl.invoke0(Native Method)
at sun.reflect.NativeMethodAccessorImpl.invoke(NativeMethodAccessorImpl.java:62)
at sun.reflect.DelegatingMethodAccessorImpl.invoke(DelegatingMethodAccessorImpl.java:43)
at java.lang.reflect.Method.invoke(Method.java:498)
at org.testng.internal.MethodInvocationHelper.invokeMethod(MethodInvocationHelper.java:124)
at org.testng.internal.Invoker.invokeMethod(Invoker.java:580)
at org.testng.internal.Invoker.invokeTestMethod(Invoker.java:716)
at org.testng.internal.Invoker.invokeTestMethods(Invoker.java:988)
at org.testng.internal.TestMethodWorker.invokeTestMethods(TestMethodWorker.java:125)
at org.testng.internal.TestMethodWorker.run(TestMethodWorker.java:109)
at org.testng.TestRunner.privateRun(TestRunner.java:648)
at org.testng.TestRunner.run(TestRunner.java:505)
at org.testng.SuiteRunner.runTest(SuiteRunner.java:455)
at org.testng.SuiteRunner.runSequentially(SuiteRunner.java:450)
at org.testng.SuiteRunner.privateRun(SuiteRunner.java:415)
at org.testng.SuiteRunner.run(SuiteRunner.java:364)
at org.testng.SuiteRunnerWorker.runSuite(SuiteRunnerWorker.java:52)
at org.testng.SuiteRunnerWorker.run(SuiteRunnerWorker.java:84)
at org.testng.TestNG.runSuitesSequentially(TestNG.java:1208)
at org.testng.TestNG.runSuitesLocally(TestNG.java:1137)
at org.testng.TestNG.runSuites(TestNG.java:1049)
at org.testng.TestNG.run(TestNG.java:1017)
at com.intellij.rt.testng.IDEARemoteTestNG.run(IDEARemoteTestNG.java:66)
at com.intellij.rt.testng.RemoteTestNGStarter.main(RemoteTestNGStarter.java:110)
]]>
            </full-stacktrace>
          </exception> <!-- java.lang.AssertionError -->
          <reporter-output>
          </reporter-output>
        </test-method> <!-- partialUpdatebooking -->
        <test-method status="PASS" signature="deleteAllBookings()[pri:5, instance:com.herokuapp.restful.booker.here.testScripts.BookingTestScripts@30272916]" name="deleteAllBookings" duration-ms="7183" started-at="2020-04-28T13:41:21Z" finished-at="2020-04-28T13:41:29Z">
          <reporter-output>
          </reporter-output>
        </test-method> <!-- deleteAllBookings -->
      </class> <!-- com.herokuapp.restful.booker.here.testScripts.BookingTestScripts -->
    </test> <!-- /Users/sdorairaj/Desktop/Restfulbooker/src/main/java/com/herokuapp/restful/booker/here/testScripts/BookingTestScripts.java -->
  </suite> <!-- All Test Suite -->
</testng-results>
